<?xml version="1.0" encoding="UTF-8"?>
<!-- Generated by org.testng.reporters.JUnitReportReporter -->
<testsuite hostname="DESKTOP-C0VVU4I" name="webdriver_API.Browser" tests="4" failures="0" timestamp="5 Apr 2018 12:29:59 GMT" time="8.803" errors="0">
  <testcase name="sendtext" time="5.214" classname="webdriver_API.Browser"/>
  <testcase name="get_url" time="0.010" classname="webdriver_API.Browser"/>
  <testcase name="operateBrowser" time="3.562" classname="webdriver_API.Browser"/>
  <testcase name="get_Title" time="0.017" classname="webdriver_API.Browser"/>
</testsuite> <!-- webdriver_API.Browser -->
